08:45:17.216 INFO  - Processing command line option -hwspec C:\materija\Ra174-2014\LPRS2\V3\SDK\SDK_Export\hw\system.xml. 
08:47:25.539 INFO  - Settings changed on project hello_world_bsp. Triggering a rebuild... 
08:47:25.882 INFO  - Refreshed build settings on project hello_world 
08:49:59.271 INFO  - FPGA configured successfully with bitstream "C:/materija/Ra174-2014/LPRS2/V3/SDK/SDK_workspace/V3_hw_platform/download.bit" 
08:50:21.128 INFO  - microblaze_0 Processor is in use. Please stop existing Run or Debug sessions before launching. 
08:50:39.554 INFO  - microblaze_0 Processor is in use. Please stop existing Run or Debug sessions before launching. 
08:50:48.399 INFO  - microblaze_0 Processor is in use. Please stop existing Run or Debug sessions before launching. 
08:52:41.119 INFO  - Time out for XMD transaction is 60000
If you want to increase the timeout value, goto Windows-> Preferences -> Xilinx SDK -> XMD Startup 
08:52:41.119 ERROR - Timeout occured while waiting to get reply for command "xdisconnect 0" 
08:52:41.119 ERROR - Disconnect target failed. 
08:54:25.470 INFO  - System reset is completed. 
08:54:25.798 INFO  - System reset is completed. 
08:55:44.546 ERROR - Unexpected error while parsing XMD response ?: com.google.gson.JsonSyntaxException: com.google.gson.stream.MalformedJsonException: invalid number or unquoted string near  
08:55:44.624 ERROR - Unexpected error while launching program. java.lang.RuntimeException: Target selection failed.
	at com.xilinx.sdk.debug.core.XilinxAppLaunchConfigurationDelegate.debugApplication(Unknown Source)
	at com.xilinx.sdk.debug.core.XilinxAppLaunchConfigurationDelegate.launch(Unknown Source)

08:55:49.913 INFO  - Processing command line option -hwspec C:\materija\Ra174-2014\LPRS2\V3\SDK\SDK_Export\hw\system.xml. 
08:56:12.367 INFO  - System reset is completed. 
08:57:00.826 ERROR - Unexpected error while parsing XMD response ?: com.google.gson.JsonSyntaxException: com.google.gson.stream.MalformedJsonException: invalid number or unquoted string near  
11:05:30.087 INFO  - microblaze_0 Processor is in use. Please stop existing Run or Debug sessions before launching. 
11:09:13.690 INFO  - microblaze_0 Processor is in use. Please stop existing Run or Debug sessions before launching. 
11:14:44.793 INFO  - microblaze_0 Processor is in use. Please stop existing Run or Debug sessions before launching. 
11:14:46.490 INFO  - System reset is completed. 
11:43:45.600 ERROR - Unexpected error while fetching XMD's response:  java.net.SocketException: Connection reset
	at java.net.SocketInputStream.read(Unknown Source)
	at sun.nio.cs.StreamDecoder.readBytes(Unknown Source)

11:43:45.611 ERROR - Zero sized response read from XMD. This indicates a communication error or a programming error. 
11:57:11.443 INFO  - Processing command line option -hwspec C:\materija\Ra174-2014\LPRS2\V3\SDK\SDK_Export\hw\system.xml. 
11:57:12.352 INFO  - The hardware specification for project 'V3_hw_platform' is different from C:\materija\Ra174-2014\LPRS2\V3\SDK\SDK_Export\hw\system.xml. 
11:57:12.380 INFO  - Copied contents of C:\materija\Ra174-2014\LPRS2\V3\SDK\SDK_Export\hw\system.xml into \V3_hw_platform\system.xml. 
11:57:12.383 INFO  - Copied contents of C:\materija\Ra174-2014\LPRS2\V3\SDK\SDK_Export\hw\system.bit into \V3_hw_platform\system.bit. 
11:57:12.384 INFO  - Copied contents of C:\materija\Ra174-2014\LPRS2\V3\SDK\SDK_Export\hw\system_bd.bmm into \V3_hw_platform\system_bd.bmm. 
11:57:12.642 INFO  - Synchronizing projects in the workspace with the hardware platform specification changes. 
11:57:13.646 INFO  - Updating MSS for Board Support Package Project: hello_world_bsp.
		 The following driver assignments were removed:
			Peripheral Instance: leds, driver: gpio_v3_01_a.
		 The following new driver assignments were made:
			Peripheral Instance: my_peripheral_0, driver: generic_v1_00_a.
 
11:57:14.488 INFO  - Updating hardware inferred compiler options for hello_world. 
11:57:14.510 INFO  - Clearing existing target manager status. 
12:08:51.898 INFO  - microblaze_0 Processor is in use. Please stop existing Run or Debug sessions before launching. 
12:09:21.479 INFO  - System reset is completed. 
